--------------------------------------------------------------------------------
Translator Name    : Spatial InterOp Connect ( Version : 2016 1.0.1)
System Name        : Windows_NT
Machine Name       : NTNU07546
User Name          : sondreor
Source System      : STEP
Destination System : ACIS
Input File         : C:\Users\sondreor\Dropbox\!PhD!\Propeller Design and Production\LargeScale\0_Basic_3D-files .prt .stp .iges\Azp65C-PB_no_Fillet_Solid.stp
Output File        : C:\Users\sondreor\AppData\Local\Temp\SPAXTemp-P7660-T16356-2_SPAIop_1_Doc.sab
Start Time         : Sun Mar 08 13:13:14 2020

--------------------------------------------------------------------------------
Message : === Translation Options ===
Message : TranslateAllClass2SheetsInSingleBody : true
Message : TranslateAttributes : true
Message : Representation : BRep+Assembly
Message : Healing : true
Message : ===========================
-------------------------Source File Header Information-------------------------
Modification Date        : 2020-02-26T17:41:56+01:00
File Name                : Azp65C-PB_no_Fillet_Solid.stp
Author                   : ''
Organization             : ''
Source System            : SIEMENS PLM Software NX 12.0
Version                  : ST-DEVELOPER v16.7
Authorization            : 
File Description         : ''
Implementation Level     : 2;1
File Schema Name         : 'AUTOMOTIVE_DESIGN { 1 0 10303 214 3 1 1 1 }'
Document Type            : Part
Units                    : MILLIMETER
Format Type              : STEP
--------------------------------------------------------------------------------
--------------------------------------------------------------------------------
Source Document Preprocessing Result : Success
--------------------------------------------------------------------------------
--------------------------------------------------------------------------------
Target Document Preprocessing Result : Success
--------------------------------------------------------------------------------
--------------------------------------------------------------------------------
Start BRep
--------------------------------------------------------------------------------
--------------------------------------------------------------------------------
BRep Source Representation Preprocessing Result : Success
--------------------------------------------------------------------------------
--------------------------------------------------------------------------------
BRep Source Representation Postprocessing Result : Success
--------------------------------------------------------------------------------
--------------------------------------------------------------------------------
BRep Target Representation Postprocessing Result : Success
--------------------------------------------------------------------------------
--------------------------------------------------------------------------------
End BRep
------------------------Representation Conversion Summary-----------------------
No. of Acorn Bodies                       :    0
No. of Mixed Bodies                       :    0
No. of Solid Bodies                       :    1
No. of Wire Bodies                        :    0
No. of Free Surfaces                      :    0
No. of Free Curves                        :    0
No. of Sheet Bodies                       :    0
No. of Free Points                        :    0
--------------------------------------------------------------------------------
BRep Conversion Result : Success
--------------------------------------------------------------------------------
--------------------------------------------------------------------------------
Start DocumentFeature
--------------------------------------------------------------------------------
--------------------------------------------------------------------------------
DocumentFeature Source Representation Preprocessing Result : Success
--------------------------------------------------------------------------------
--------------------------------------------------------------------------------
DocumentFeature Source Representation Postprocessing Result : Success
--------------------------------------------------------------------------------
--------------------------------------------------------------------------------
DocumentFeature Target Representation Postprocessing Result : Success
--------------------------------------------------------------------------------
--------------------------------------------------------------------------------
End DocumentFeature
------------------------Representation Conversion Summary-----------------------
No. of Selection Sets                     :    0
No. of Working Coordinate Systems         :    0
No. of Associative Groups                 :    0
No. of Layer Filters                      :    0
--------------------------------------------------------------------------------
DocumentFeature Conversion Result : No Entity to Translate
--------------------------------------------------------------------------------
--------------------------------------------------------------------------------
Start Assembly
--------------------------------------------------------------------------------
--------------------------------------------------------------------------------
Assembly Source Representation Preprocessing Result : Success
--------------------------------------------------------------------------------
--------------------------------------------------------------------------------
Assembly Source Representation Postprocessing Result : Success
--------------------------------------------------------------------------------
--------------------------------------------------------------------------------
Assembly Target Representation Postprocessing Result : Success
--------------------------------------------------------------------------------
--------------------------------------------------------------------------------
End Assembly
Assembly Conversion Result : No Entity to Translate
--------------------------------------------------------------------------------
--------------------------------------------------------------------------------
Target Document Postprocessing Result : Success
--------------------------------------------------------------------------------
--------------------------------------------------------------------------------
Target Document Postprocessing Result : Success
--------------------------------------------------------------------------------
--------------------------------------------------------------------------------
---------------------------Document Conversion Summary--------------------------
No. of Items of DocumentFeature Representation :    0
No. of Items of BRep Representation            :    1
--------------------------------------------------------------------------------
Message : Setting save mode for ACIS file based on the file extension
Output File "C:\Users\sondreor\AppData\Local\Temp\SPAXTemp-P7660-T16356-2_SPAIop_1_Doc.sab" is Successfully Written
--------------------------------------------------------------------------------
Finish Time : Sun Mar 08 13:13:18 2020

--------------------------------------------------------------------------------
Translation Result : Success
--------------------------------------------------------------------------------
--------------------------------------------------------------------------------
